<?xml version="1.0" encoding="UTF-8"?>
<!-- Generated by org.testng.reporters.JUnitXMLReporter -->
<testsuite ignored="0" hostname="DESKTOP-L1VE2OJ" failures="0" tests="3" name="Test2(failed)" time="50.746" errors="0" timestamp="2022-11-09T19:00:08 IST">
  <testcase classname="testCases.TestCase3" name="tc3" time="9.305"/>
  <testcase classname="testCases.TestCase2" name="tc2" time="12.951"/>
  <testcase classname="testCases.TestCase1" name="tc1" time="11.545"/>
</testsuite> <!-- Test2(failed) -->
