<?xml version="1.0" encoding="UTF-8"?>
<testng-results ignored="0" total="1" passed="1" failed="0" skipped="0">
  <reporter-output>
  </reporter-output>
  <suite started-at="2022-11-10T07:20:02 IST" name="Suite" finished-at="2022-11-10T07:20:15 IST" duration-ms="12961">
    <groups>
    </groups>
    <test started-at="2022-11-10T07:20:02 IST" name="Test2" finished-at="2022-11-10T07:20:15 IST" duration-ms="12961">
      <class name="testCases.TestCase3">
        <test-method is-config="true" signature="setup(java.lang.String)[pri:0, instance:testCases.TestCase3@635eaaf1]" started-at="2022-11-10T07:20:02 IST" name="setup" finished-at="2022-11-10T07:20:08 IST" duration-ms="5187" status="PASS">
          <params>
            <param index="0">
              <value>
                <![CDATA[chrome]]>
              </value>
            </param>
          </params>
          <reporter-output>
          </reporter-output>
        </test-method> <!-- setup -->
        <test-method signature="tc3()[pri:0, instance:testCases.TestCase3@635eaaf1]" started-at="2022-11-10T07:20:08 IST" name="tc3" finished-at="2022-11-10T07:20:15 IST" duration-ms="7584" status="PASS">
          <reporter-output>
          </reporter-output>
        </test-method> <!-- tc3 -->
        <test-method is-config="true" signature="tearDown(org.testng.ITestResult)[pri:0, instance:testCases.TestCase3@635eaaf1]" started-at="2022-11-10T07:20:15 IST" name="tearDown" finished-at="2022-11-10T07:20:15 IST" duration-ms="140" status="PASS">
          <params>
            <param index="0">
              <value>
                <![CDATA[[TestResult name=tc3 status=SUCCESS method=TestCase3.tc3()[pri:0, instance:testCases.TestCase3@635eaaf1] output={null}]]]>
              </value>
            </param>
          </params>
          <reporter-output>
          </reporter-output>
        </test-method> <!-- tearDown -->
      </class> <!-- testCases.TestCase3 -->
    </test> <!-- Test2 -->
  </suite> <!-- Suite -->
</testng-results>
