<?xml version="1.0" encoding="UTF-8"?>
<testng-results ignored="0" total="3" passed="3" failed="0" skipped="0">
  <reporter-output>
  </reporter-output>
  <suite started-at="2022-11-09T18:59:17 IST" name="Failed suite [Suite]" finished-at="2022-11-09T19:00:08 IST" duration-ms="50746">
    <groups>
    </groups>
    <test started-at="2022-11-09T18:59:17 IST" name="Test2(failed)" finished-at="2022-11-09T19:00:08 IST" duration-ms="50746">
      <class name="testCases.TestCase1">
        <test-method is-config="true" signature="setup(java.lang.String)[pri:0, instance:testCases.TestCase1@6e171cd7]" started-at="2022-11-09T18:59:51 IST" name="setup" finished-at="2022-11-09T18:59:56 IST" duration-ms="5184" status="PASS">
          <params>
            <param index="0">
              <value>
                <![CDATA[chrome]]>
              </value>
            </param>
          </params>
          <reporter-output>
          </reporter-output>
        </test-method> <!-- setup -->
        <test-method signature="tc1()[pri:0, instance:testCases.TestCase1@6e171cd7]" started-at="2022-11-09T18:59:56 IST" name="tc1" finished-at="2022-11-09T19:00:08 IST" duration-ms="11545" status="PASS">
          <reporter-output>
          </reporter-output>
        </test-method> <!-- tc1 -->
        <test-method is-config="true" signature="tearDown(org.testng.ITestResult)[pri:0, instance:testCases.TestCase1@6e171cd7]" started-at="2022-11-09T19:00:08 IST" name="tearDown" finished-at="2022-11-09T19:00:08 IST" duration-ms="129" status="PASS">
          <params>
            <param index="0">
              <value>
                <![CDATA[[TestResult name=tc1 status=SUCCESS method=TestCase1.tc1()[pri:0, instance:testCases.TestCase1@6e171cd7] output={null}]]]>
              </value>
            </param>
          </params>
          <reporter-output>
          </reporter-output>
        </test-method> <!-- tearDown -->
      </class> <!-- testCases.TestCase1 -->
      <class name="testCases.TestCase2">
        <test-method is-config="true" signature="setup(java.lang.String)[pri:0, instance:testCases.TestCase2@498d318c]" started-at="2022-11-09T18:59:33 IST" name="setup" finished-at="2022-11-09T18:59:38 IST" duration-ms="5359" status="PASS">
          <params>
            <param index="0">
              <value>
                <![CDATA[chrome]]>
              </value>
            </param>
          </params>
          <reporter-output>
          </reporter-output>
        </test-method> <!-- setup -->
        <test-method signature="tc2()[pri:0, instance:testCases.TestCase2@498d318c]" started-at="2022-11-09T18:59:38 IST" name="tc2" finished-at="2022-11-09T18:59:51 IST" duration-ms="12951" status="PASS">
          <reporter-output>
          </reporter-output>
        </test-method> <!-- tc2 -->
        <test-method is-config="true" signature="tearDown(org.testng.ITestResult)[pri:0, instance:testCases.TestCase2@498d318c]" started-at="2022-11-09T18:59:51 IST" name="tearDown" finished-at="2022-11-09T18:59:51 IST" duration-ms="145" status="PASS">
          <params>
            <param index="0">
              <value>
                <![CDATA[[TestResult name=tc2 status=SUCCESS method=TestCase2.tc2()[pri:0, instance:testCases.TestCase2@498d318c] output={null}]]]>
              </value>
            </param>
          </params>
          <reporter-output>
          </reporter-output>
        </test-method> <!-- tearDown -->
      </class> <!-- testCases.TestCase2 -->
      <class name="testCases.TestCase3">
        <test-method is-config="true" signature="setup(java.lang.String)[pri:0, instance:testCases.TestCase3@6ca8564a]" started-at="2022-11-09T18:59:17 IST" name="setup" finished-at="2022-11-09T18:59:23 IST" duration-ms="5956" status="PASS">
          <params>
            <param index="0">
              <value>
                <![CDATA[chrome]]>
              </value>
            </param>
          </params>
          <reporter-output>
          </reporter-output>
        </test-method> <!-- setup -->
        <test-method signature="tc3()[pri:0, instance:testCases.TestCase3@6ca8564a]" started-at="2022-11-09T18:59:23 IST" name="tc3" finished-at="2022-11-09T18:59:33 IST" duration-ms="9305" status="PASS">
          <reporter-output>
          </reporter-output>
        </test-method> <!-- tc3 -->
        <test-method is-config="true" signature="tearDown(org.testng.ITestResult)[pri:0, instance:testCases.TestCase3@6ca8564a]" started-at="2022-11-09T18:59:33 IST" name="tearDown" finished-at="2022-11-09T18:59:33 IST" duration-ms="130" status="PASS">
          <params>
            <param index="0">
              <value>
                <![CDATA[[TestResult name=tc3 status=SUCCESS method=TestCase3.tc3()[pri:0, instance:testCases.TestCase3@6ca8564a] output={null}]]]>
              </value>
            </param>
          </params>
          <reporter-output>
          </reporter-output>
        </test-method> <!-- tearDown -->
      </class> <!-- testCases.TestCase3 -->
    </test> <!-- Test2(failed) -->
  </suite> <!-- Failed suite [Suite] -->
</testng-results>
